<?xml version="1.0" encoding="UTF-8"?>
<!-- Generated by org.testng.reporters.JUnitXMLReporter -->
<testsuite ignored="0" hostname="GirishN3-msd1" failures="2" tests="2" name="Test" time="11.291" errors="0" timestamp="12 Apr 2019 15:21:00 GMT">
  <testcase classname="com.tests.dataDrivenTests" name="panDataTests" time="0.29">
    <failure type="org.openqa.selenium.NoSuchElementException" message="Cannot locate element with text: Shri
For documentation on this error, please visit: https://www.seleniumhq.org/exceptions/no_such_element.html
Build info: version: &amp;apos;3.141.59&amp;apos;, revision: &amp;apos;e82be7d358&amp;apos;, time: &amp;apos;2018-11-14T08:17:03&amp;apos;
System info: host: &amp;apos;GIRISHN3-MSD1&amp;apos;, ip: &amp;apos;10.60.62.95&amp;apos;, os.name: &amp;apos;Windows 10&amp;apos;, os.arch: &amp;apos;amd64&amp;apos;, os.version: &amp;apos;10.0&amp;apos;, java.version: &amp;apos;11.0.1&amp;apos;
Driver info: driver.version: unknown">
      <![CDATA[org.openqa.selenium.NoSuchElementException: Cannot locate element with text: Shri
For documentation on this error, please visit: https://www.seleniumhq.org/exceptions/no_such_element.html
Build info: version: '3.141.59', revision: 'e82be7d358', time: '2018-11-14T08:17:03'
System info: host: 'GIRISHN3-MSD1', ip: '10.60.62.95', os.name: 'Windows 10', os.arch: 'amd64', os.version: '10.0', java.version: '11.0.1'
Driver info: driver.version: unknown
at org.openqa.selenium.support.ui.Select.selectByVisibleText(Select.java:147)
at com.tests.dataDrivenTests.panDataTests(dataDrivenTests.java:53)
... Removed 25 stack frames]]>
    </failure>
  </testcase> <!-- panDataTests -->
  <testcase classname="com.tests.dataDrivenTests" name="panDataTests" time="0.262">
    <failure type="org.openqa.selenium.NoSuchElementException" message="Cannot locate element with text: Shri
For documentation on this error, please visit: https://www.seleniumhq.org/exceptions/no_such_element.html
Build info: version: &amp;apos;3.141.59&amp;apos;, revision: &amp;apos;e82be7d358&amp;apos;, time: &amp;apos;2018-11-14T08:17:03&amp;apos;
System info: host: &amp;apos;GIRISHN3-MSD1&amp;apos;, ip: &amp;apos;10.60.62.95&amp;apos;, os.name: &amp;apos;Windows 10&amp;apos;, os.arch: &amp;apos;amd64&amp;apos;, os.version: &amp;apos;10.0&amp;apos;, java.version: &amp;apos;11.0.1&amp;apos;
Driver info: driver.version: unknown">
      <![CDATA[org.openqa.selenium.NoSuchElementException: Cannot locate element with text: Shri
For documentation on this error, please visit: https://www.seleniumhq.org/exceptions/no_such_element.html
Build info: version: '3.141.59', revision: 'e82be7d358', time: '2018-11-14T08:17:03'
System info: host: 'GIRISHN3-MSD1', ip: '10.60.62.95', os.name: 'Windows 10', os.arch: 'amd64', os.version: '10.0', java.version: '11.0.1'
Driver info: driver.version: unknown
at org.openqa.selenium.support.ui.Select.selectByVisibleText(Select.java:147)
at com.tests.dataDrivenTests.panDataTests(dataDrivenTests.java:53)
... Removed 25 stack frames]]>
    </failure>
  </testcase> <!-- panDataTests -->
</testsuite> <!-- Test -->
